
ROM used:   243/8192 (3%)
            243/8192 (3%) including unused fragments

            0.3 Average locations per line
            2.0 Average locations per statement

RAM used:   7/368 (2%) at main() level
            8/368 (2%) worst case

Stack used: 0 worst case (0 in main + 0 for interrupts)
Stack size: 8

Lines Stmts  %   Files
----- ----- ---  -----
  143   120 100  4x4_keypad.c
  629     0   0  ..\..\..\..\..\..\..\Program Files (x86)\PICC\Devices\16f877.h
----- -----
  772   120 Total

Page ROM  %  RAM   Vol Diff  Functions:
---- --- --- ---   --- ----  ----------
0     21   9    1             @delay_ms1
0    157  65    0  2630  3.5  keypad
0     61  25    0   303  2.8  MAIN
 Inline         0             @cinit1

Program metrics:
    Functions               2
    Statements              120
    Comments                103
    Volume (V)              3189
    Difficulty (D)          6.3
    Effort to implement (E) 20036
    Time to implement (T)   19 minutes
    Est Delivered Bugs (B)  0
    Cyclomatic Complexity   16
    Maintainability (MI)    15

 Segment     Used  Free
-----------  ----  ----
00000-00003     4  0  
00004-007FF   239  1805  
00800-00FFF     0  2048  
01000-017FF     0  2048  
01800-01FFF     0  2048  



