
ROM used:   197/8192 (2%)
            197/8192 (2%) including unused fragments

            0.3 Average locations per line
            5.1 Average locations per statement

RAM used:   13/368 (4%) at main() level
            16/368 (4%) worst case

Stack used: 0 worst case (0 in main + 0 for interrupts)
Stack size: 8

Lines Stmts  %   Files
----- ----- ---  -----
   70    39 100  timer.c
  629     0   0  ..\..\..\..\..\Program Files (x86)\PICC\Devices\16f877.h
----- -----
  699    39 Total

Page ROM  %  RAM   Vol Diff  Functions:
---- --- --- ---   --- ----  ----------
0     21  11    1             @delay_ms1
0     14   7    0             @const612
0    137  70    1  1201  6.8  main
0     21  11    3             @DIV88
 Inline         0             @cinit1

Program metrics:
    Functions               1
    Statements              39
    Comments                108
    Volume (V)              1211
    Difficulty (D)          6.5
    Effort to implement (E) 7924
    Time to implement (T)   7 minutes
    Est Delivered Bugs (B)  0
    Cyclomatic Complexity   1
    Maintainability (MI)    55

 Segment     Used  Free
-----------  ----  ----
00000-00003     4  0  
00004-007FF   193  1851  
00800-00FFF     0  2048  
01000-017FF     0  2048  
01800-01FFF     0  2048  



